2020-09-15 16:31:48,302 INFO    : success insert into new nick paofu酱
2020-09-15 16:32:10,289 INFO    : success insert into new nick 古明地瓜Imo
2020-09-15 16:32:10,374 INFO    : success insert into new nick wallachris
2020-09-15 16:32:11,227 INFO    : success insert into new nick 小V骑士
2020-09-15 16:34:36,415 INFO    : success insert into new nick Alcippe
2020-09-15 16:34:36,446 INFO    : success insert into new nick 唬死哟爹地
2020-09-15 16:34:37,250 INFO    : success insert into new nick 文殊Z{子
2020-09-15 16:34:38,388 INFO    : success insert into new nick 省港澳虾滑王
2020-09-15 16:34:39,174 INFO    : success insert into new nick 肉包凹
2020-09-15 16:34:39,312 INFO    : success insert into new nick 仲夏之夜没有梦
2020-09-15 16:34:40,006 INFO    : success insert into new nick 没交450还想跑
2020-09-15 16:34:40,145 INFO    : success insert into new nick 施主好贱
2020-09-15 16:34:40,177 INFO    : success insert into new nick hunshiquan
2020-09-15 16:34:40,446 INFO    : success insert into new nick 门下一毛孩
2020-09-15 16:34:40,888 INFO    : success insert into new nick 最爱冰爷
2020-09-15 16:34:40,918 INFO    : success insert into new nick 法修史丹彼得
2020-09-15 16:34:41,468 INFO    : success insert into new nick Jskill
2020-09-15 16:34:41,921 INFO    : success insert into new nick 卡库朵
2020-09-15 16:34:42,501 INFO    : success insert into new nick 寂寞丶要离
2020-09-15 16:34:42,830 INFO    : success insert into new nick FURAY
2020-09-15 16:34:42,857 INFO    : success insert into new nick 泡沫San
2020-09-15 16:34:42,907 INFO    : success insert into new nick Im小贼
2020-09-15 16:34:42,959 INFO    : success insert into new nick 小年不吃草
2020-09-15 16:34:43,375 INFO    : success insert into new nick W心灵震撼
2020-09-15 16:34:43,730 INFO    : success insert into new nick 老娘叫苍井空
2020-09-15 16:34:43,875 INFO    : success insert into new nick 吾不禁英俊地笑了起来
2020-09-15 16:34:44,706 INFO    : success insert into new nick 孑然独身
2020-09-15 16:34:44,871 INFO    : success insert into new nick 衣衣子呀
2020-09-15 16:34:45,038 INFO    : success insert into new nick askahu
2020-09-15 16:34:45,568 INFO    : success insert into new nick 大家围观我
2020-09-15 16:34:45,757 INFO    : success insert into new nick LitLeave
2020-09-15 16:34:45,909 INFO    : success insert into new nick kagami-镜
2020-09-15 16:34:46,232 INFO    : success insert into new nick 提督我要投敌
2020-09-15 16:34:46,775 INFO    : success insert into new nick kosiki
2020-09-15 16:34:46,802 INFO    : success insert into new nick 一无是处的前辈
2020-09-15 16:34:46,901 INFO    : success insert into new nick 玖露音子
2020-09-15 16:34:47,131 INFO    : success insert into new nick jiguai53
2020-09-15 16:34:47,446 INFO    : success insert into new nick 么糖lover
2020-09-15 16:34:48,164 INFO    : success insert into new nick 粉红切开都是黑的
2020-09-15 16:34:48,495 INFO    : success insert into new nick 白雪上的影子
2020-09-15 16:34:48,764 INFO    : success insert into new nick 无法直视的KD
2020-09-15 16:34:48,813 INFO    : success insert into new nick 虚伪的街角有你的微笑
2020-09-15 16:34:49,040 INFO    : success insert into new nick 烤肉族狂战士
2020-09-15 16:34:49,604 INFO    : success insert into new nick 落暮void
2020-09-15 16:34:49,694 INFO    : success insert into new nick Ranchaa
2020-09-15 16:34:49,818 INFO    : success insert into new nick 肉团子丁
2020-09-15 16:34:49,932 INFO    : success insert into new nick 猝死腐臭的搬砖工
2020-09-15 16:34:50,735 INFO    : success insert into new nick ayumirex
2020-09-15 16:34:51,537 INFO    : success insert into new nick MAX-p喵
2020-09-15 16:34:51,692 INFO    : success insert into new nick 风偏修正
2020-09-15 16:34:52,426 INFO    : success insert into new nick 零点翻转
2020-09-15 16:34:52,675 INFO    : success insert into new nick ohnein
2020-09-15 16:34:52,700 INFO    : success insert into new nick HawkCai
2020-09-15 16:34:53,297 INFO    : success insert into new nick 麻酱甜心
2020-09-15 16:34:53,519 INFO    : success insert into new nick 盒时了盒师兄
2020-09-15 16:34:54,296 INFO    : success insert into new nick 孙心知
2020-09-15 16:34:54,380 INFO    : success insert into new nick 大汉吃西瓜
2020-09-15 16:34:54,429 INFO    : success insert into new nick 大饼暴牙
2020-09-15 16:34:55,278 INFO    : success insert into new nick 胡子修
2020-09-15 16:34:57,068 INFO    : success insert into new nick 晓宇宙v
2020-09-15 16:34:57,119 INFO    : success insert into new nick KAIdYo
2020-09-15 16:34:57,153 INFO    : success insert into new nick 老段和阿伞
2020-09-15 16:34:57,226 INFO    : success insert into new nick busy酱
2020-09-15 16:34:58,102 INFO    : success insert into new nick 贝狄威尔骑士
2020-09-15 16:34:58,452 INFO    : success insert into new nick 爷们儿喵
2020-09-15 16:34:59,008 INFO    : success insert into new nick 迷途小呆猫
2020-09-15 16:34:59,459 INFO    : success insert into new nick 司徒云喵
2020-09-15 16:34:59,894 INFO    : success insert into new nick 机智勇敢的奶牛
2020-09-15 16:35:00,358 INFO    : success insert into new nick 梓茜sama
2020-09-15 16:35:00,496 INFO    : success insert into new nick 我爱罗奔
2020-09-15 16:35:01,237 INFO    : success insert into new nick AKaSue
2020-09-15 16:35:01,398 INFO    : success insert into new nick 吉野p
2020-09-15 16:35:01,612 INFO    : success insert into new nick 这货杀了不升级
2020-09-15 16:35:03,260 INFO    : success insert into new nick tanbiwolf
2020-09-15 16:35:03,546 INFO    : success insert into new nick KeyValkyria
2020-09-15 16:35:03,691 INFO    : success insert into new nick 伊莉莎白猫猫
2020-09-15 16:35:04,380 INFO    : success insert into new nick 喵婶儿捂眼睛
2020-09-15 16:35:05,305 INFO    : success insert into new nick 良树家的番薯
2020-09-15 16:35:05,842 INFO    : success insert into new nick 怜帝无双
2020-09-15 16:35:06,371 INFO    : success insert into new nick 轻疯患者
2020-09-15 16:35:06,779 INFO    : success insert into new nick zfr9
2020-09-15 16:35:07,895 INFO    : success insert into new nick 敲掉翘掉
2020-09-15 16:35:08,367 INFO    : success insert into new nick 收藏ID
2020-09-15 16:35:08,400 INFO    : success insert into new nick 别叫我比利比利
2020-09-15 16:35:08,527 INFO    : success insert into new nick 瞎子依依
2020-09-15 16:41:10,931 INFO    : success insert into new nick 红白机而已
2020-09-15 16:41:11,195 INFO    : success insert into new nick 哔良哔影
2020-09-15 16:41:11,700 INFO    : success insert into new nick seiseinya
2020-09-15 16:41:11,712 INFO    : success insert into new nick 一世归寒
2020-09-15 16:41:11,971 INFO    : success insert into new nick D窝不吃小孩
2020-09-15 16:41:12,332 INFO    : success insert into new nick 神兽雅蠛蝶
2020-09-15 16:41:12,460 INFO    : success insert into new nick bookzhi
2020-09-15 16:41:13,375 INFO    : success insert into new nick 燃尽的拉格朗日
2020-09-15 16:41:13,399 INFO    : success insert into new nick 大锅炖骨龙
2020-09-15 16:41:13,959 INFO    : success insert into new nick Calando
2020-09-15 16:41:14,179 INFO    : success insert into new nick marveoo
2020-09-15 16:41:14,205 INFO    : success insert into new nick 小特sae
2020-09-15 16:41:14,980 INFO    : success insert into new nick 秋分之瓜
2020-09-15 16:41:15,490 INFO    : success insert into new nick 西行寺格里斯
2020-09-15 16:41:15,780 INFO    : success insert into new nick you洗手了吗
2020-09-15 16:41:15,899 INFO    : success insert into new nick LV99威猛大叔
2020-09-15 16:41:16,079 INFO    : success insert into new nick 王爷Horizon
2020-09-15 16:41:16,864 INFO    : success insert into new nick 指尖灬凄美
2020-09-15 16:41:16,903 INFO    : success insert into new nick BGM侠
2020-09-15 16:41:16,940 INFO    : success insert into new nick 敖武这两个字怎读
2020-09-15 16:41:17,647 INFO    : success insert into new nick fansised
2020-09-15 16:41:18,238 INFO    : success insert into new nick 超小企鹅mark2
2020-09-15 16:41:18,841 INFO    : success insert into new nick 大口径怪物
2020-09-15 16:41:18,957 INFO    : success insert into new nick I腺崩
2020-09-15 16:41:19,173 INFO    : success insert into new nick 兔子想吃人
2020-09-15 16:41:19,555 INFO    : success insert into new nick 玄武傲天
2020-09-15 16:41:19,634 INFO    : success insert into new nick cc007008009
2020-09-15 16:41:19,758 INFO    : success insert into new nick otok1985
2020-09-15 16:44:03,324 INFO    : success insert into new nick D里刀
2020-09-15 16:44:04,080 INFO    : success insert into new nick 蟹黄骑士
